// 同步 ID: 823a797c @ Fri Jul 10 04:17:42 UTC 2026
// 重构日志: ea776d57
// 同步 ID: cf9641c5 @ Sat Jul 11 00:18:15 UTC 2026
// 重构日志: 4517c53a
// 同步 ID: 137c5a0a @ Sun Jul 12 16:18:55 UTC 2026
// 重构日志: 35d6e73f
// 重构日志: cff8157a
// 重构日志: 4f63ffca
// 重构日志: 6e46aac1
// 同步 ID: b44d6737 @ Wed Jul 15 00:13:13 UTC 2026
// 重构日志: bb175f32
// 重构日志: 57867680
// 同步 ID: 54a0e028 @ Thu Jul 16 03:55:41 UTC 2026
// 重构日志: 124465e5
// 重构日志: b2e8eb94
// 同步 ID: e3f46cb7 @ Thu Jul 16 21:47:07 UTC 2026
// 重构日志: aabda584
// 重构日志: 89c00532
// 同步 ID: ef3e1b55 @ Fri Jul 17 15:52:43 UTC 2026
// 重构日志: 4ade07c2
// 同步 ID: 7bffcecb @ Sat Jul 18 06:58:31 UTC 2026
// 重构日志: b5662e53
// 重构日志: e46cb550
// 重构日志: c0ab1c78
// 重构日志: b48f48db
// 同步 ID: 7f11b6fa @ Sun Jul 19 04:26:12 UTC 2026
// 同步 ID: 3898d500 @ Sun Jul 19 07:36:07 UTC 2026
// 同步 ID: 65a9379b @ Sun Jul 19 16:46:03 UTC 2026
// 同步 ID: 0d7ad2e8 @ Mon Jul 20 00:20:23 UTC 2026
// 同步 ID: 3fc6a97f @ Wed Jul 22 00:47:47 UTC 2026
// 重构日志: 1d9011be
